<?xml version="1.0" encoding="UTF-8"?>
<!-- Generated by org.testng.reporters.JUnitXMLReporter -->
<testsuite ignored="0" hostname="LTIN296931" failures="0" tests="3" name="Test" time="104.336" errors="0" timestamp="2024-04-07T10:33:24 IST">
  <testcase classname="TestCase.Test_TravelInsurance" name="travel" time="67.507"/>
  <testcase classname="TestCase.Test_CarInsurance" name="car" time="7.925"/>
  <testcase classname="TestCase.Test_HealthInsurance" name="health" time="0.657"/>
</testsuite> <!-- Test -->
